# JRE version: OpenJDK Runtime Environment (8.0_242-b01) (build 1.8.0_242-release-1644-b01)
# Java VM: OpenJDK 64-Bit Server VM (25.242-b01 mixed mode windows-amd64 compressed oops)
Heap:
 PSYoungGen      total 485376K, used 63533K [0x00000000e0000000, 0x0000000100000000, 0x0000000100000000)
  eden space 446464K, 5% used [0x00000000e0000000,0x00000000e180fb70,0x00000000fb400000)
  from space 38912K, 99% used [0x00000000fb400000,0x00000000fd9fb8e0,0x00000000fda00000)
  to   space 38912K, 0% used [0x00000000fda00000,0x00000000fda00000,0x0000000100000000)
 ParOldGen       total 180224K, used 144879K [0x00000000a0000000, 0x00000000ab000000, 0x00000000e0000000)
  object space 180224K, 80% used [0x00000000a0000000,0x00000000a8d7bed0,0x00000000ab000000)
 Metaspace       used 119979K, capacity 124930K, committed 125232K, reserved 1159168K
  class space    used 15032K, capacity 16099K, committed 16176K, reserved 1048576K
GC Heap History (10 events):
Event: 635.779 GC heap before
{Heap before GC invocations=37 (full 4):
 PSYoungGen      total 483840K, used 467831K [0x00000000e0000000, 0x0000000100000000, 0x0000000100000000)
  eden space 445952K, 100% used [0x00000000e0000000,0x00000000fb380000,0x00000000fb380000)
  from space 37888K, 57% used [0x00000000fd900000,0x00000000fee5df90,0x00000000ffe00000)
  to   space 38400K, 0% used [0x00000000fb380000,0x00000000fb380000,0x00000000fd900000)
 ParOldGen       total 180224K, used 99359K [0x00000000a0000000, 0x00000000ab000000, 0x00000000e0000000)
  object space 180224K, 55% used [0x00000000a0000000,0x00000000a6107e78,0x00000000ab000000)
 Metaspace       used 91657K, capacity 95512K, committed 96432K, reserved 1132544K
  class space    used 11639K, capacity 12484K, committed 12720K, reserved 1048576K
Event: 635.935 GC heap after
Heap after GC invocations=37 (full 4):
 PSYoungGen      total 484352K, used 18519K [0x00000000e0000000, 0x00000000ffe80000, 0x0000000100000000)
  eden space 445952K, 0% used [0x00000000e0000000,0x00000000e0000000,0x00000000fb380000)
  from space 38400K, 48% used [0x00000000fb380000,0x00000000fc595cb8,0x00000000fd900000)
  to   space 37376K, 0% used [0x00000000fda00000,0x00000000fda00000,0x00000000ffe80000)
 ParOldGen       total 180224K, used 119169K [0x00000000a0000000, 0x00000000ab000000, 0x00000000e0000000)
  object space 180224K, 66% used [0x00000000a0000000,0x00000000a74605f0,0x00000000ab000000)
 Metaspace       used 91657K, capacity 95512K, committed 96432K, reserved 1132544K
  class space    used 11639K, capacity 12484K, committed 12720K, reserved 1048576K
}
Event: 646.477 GC heap before
{Heap before GC invocations=38 (full 4):
 PSYoungGen      total 484352K, used 464471K [0x00000000e0000000, 0x00000000ffe80000, 0x0000000100000000)
  eden space 445952K, 100% used [0x00000000e0000000,0x00000000fb380000,0x00000000fb380000)
  from space 38400K, 48% used [0x00000000fb380000,0x00000000fc595cb8,0x00000000fd900000)
  to   space 37376K, 0% used [0x00000000fda00000,0x00000000fda00000,0x00000000ffe80000)
 ParOldGen       total 180224K, used 119169K [0x00000000a0000000, 0x00000000ab000000, 0x00000000e0000000)
  object space 180224K, 66% used [0x00000000a0000000,0x00000000a74605f0,0x00000000ab000000)
 Metaspace       used 93255K, capacity 97166K, committed 97840K, reserved 1134592K
  class space    used 11811K, capacity 12681K, committed 12848K, reserved 1048576K
Event: 646.654 GC heap after
Heap after GC invocations=38 (full 4):
 PSYoungGen      total 485376K, used 6603K [0x00000000e0000000, 0x00000000ffe00000, 0x0000000100000000)
  eden space 448512K, 0% used [0x00000000e0000000,0x00000000e0000000,0x00000000fb600000)
  from space 36864K, 17% used [0x00000000fda00000,0x00000000fe072f68,0x00000000ffe00000)
  to   space 36864K, 0% used [0x00000000fb600000,0x00000000fb600000,0x00000000fda00000)
 ParOldGen       total 180224K, used 125242K [0x00000000a0000000, 0x00000000ab000000, 0x00000000e0000000)
  object space 180224K, 69% used [0x00000000a0000000,0x00000000a7a4e8d0,0x00000000ab000000)
 Metaspace       used 93255K, capacity 97166K, committed 97840K, reserved 1134592K
  class space    used 11811K, capacity 12681K, committed 12848K, reserved 1048576K
}
Event: 654.988 GC heap before
{Heap before GC invocations=39 (full 4):
 PSYoungGen      total 485376K, used 455115K [0x00000000e0000000, 0x00000000ffe00000, 0x0000000100000000)
  eden space 448512K, 100% used [0x00000000e0000000,0x00000000fb600000,0x00000000fb600000)
  from space 36864K, 17% used [0x00000000fda00000,0x00000000fe072f68,0x00000000ffe00000)
  to   space 36864K, 0% used [0x00000000fb600000,0x00000000fb600000,0x00000000fda00000)
 ParOldGen       total 180224K, used 125242K [0x00000000a0000000, 0x00000000ab000000, 0x00000000e0000000)
  object space 180224K, 69% used [0x00000000a0000000,0x00000000a7a4e8d0,0x00000000ab000000)
 Metaspace       used 97220K, capacity 101212K, committed 101936K, reserved 1138688K
  class space    used 12287K, capacity 13184K, committed 13360K, reserved 1048576K
Event: 655.171 GC heap after
Heap after GC invocations=39 (full 4):
 PSYoungGen      total 485376K, used 8035K [0x00000000e0000000, 0x00000000ffd00000, 0x0000000100000000)
  eden space 448512K, 0% used [0x00000000e0000000,0x00000000e0000000,0x00000000fb600000)
  from space 36864K, 21% used [0x00000000fb600000,0x00000000fbdd8e50,0x00000000fda00000)
  to   space 35328K, 0% used [0x00000000fda80000,0x00000000fda80000,0x00000000ffd00000)
 ParOldGen       total 180224K, used 129497K [0x00000000a0000000, 0x00000000ab000000, 0x00000000e0000000)
  object space 180224K, 71% used [0x00000000a0000000,0x00000000a7e76598,0x00000000ab000000)
 Metaspace       used 97220K, capacity 101212K, committed 101936K, reserved 1138688K
  class space    used 12287K, capacity 13184K, committed 13360K, reserved 1048576K
}
Event: 670.360 GC heap before
{Heap before GC invocations=40 (full 4):
 PSYoungGen      total 485376K, used 456547K [0x00000000e0000000, 0x00000000ffd00000, 0x0000000100000000)
  eden space 448512K, 100% used [0x00000000e0000000,0x00000000fb600000,0x00000000fb600000)
  from space 36864K, 21% used [0x00000000fb600000,0x00000000fbdd8e50,0x00000000fda00000)
  to   space 35328K, 0% used [0x00000000fda80000,0x00000000fda80000,0x00000000ffd00000)
 ParOldGen       total 180224K, used 129497K [0x00000000a0000000, 0x00000000ab000000, 0x00000000e0000000)
  object space 180224K, 71% used [0x00000000a0000000,0x00000000a7e76598,0x00000000ab000000)
 Metaspace       used 110892K, capacity 115040K, committed 115504K, reserved 1150976K
  class space    used 13807K, capacity 14752K, committed 14896K, reserved 1048576K
Event: 671.457 GC heap after
Heap after GC invocations=40 (full 4):
 PSYoungGen      total 481792K, used 28822K [0x00000000e0000000, 0x0000000100000000, 0x0000000100000000)
  eden space 446464K, 0% used [0x00000000e0000000,0x00000000e0000000,0x00000000fb400000)
  from space 35328K, 81% used [0x00000000fda80000,0x00000000ff6a5988,0x00000000ffd00000)
  to   space 38912K, 0% used [0x00000000fb400000,0x00000000fb400000,0x00000000fda00000)
 ParOldGen       total 180224K, used 132508K [0x00000000a0000000, 0x00000000ab000000, 0x00000000e0000000)
  object space 180224K, 73% used [0x00000000a0000000,0x00000000a8167300,0x00000000ab000000)
 Metaspace       used 110892K, capacity 115040K, committed 115504K, reserved 1150976K
  class space    used 13807K, capacity 14752K, committed 14896K, reserved 1048576K
}
Event: 680.057 GC heap before
{Heap before GC invocations=41 (full 4):
 PSYoungGen      total 481792K, used 475286K [0x00000000e0000000, 0x0000000100000000, 0x0000000100000000)
  eden space 446464K, 100% used [0x00000000e0000000,0x00000000fb400000,0x00000000fb400000)
  from space 35328K, 81% used [0x00000000fda80000,0x00000000ff6a5988,0x00000000ffd00000)
  to   space 38912K, 0% used [0x00000000fb400000,0x00000000fb400000,0x00000000fda00000)
 ParOldGen       total 180224K, used 132508K [0x00000000a0000000, 0x00000000ab000000, 0x00000000e0000000)
  object space 180224K, 73% used [0x00000000a0000000,0x00000000a8167300,0x00000000ab000000)
 Metaspace       used 119945K, capacity 124858K, committed 124976K, reserved 1159168K
  class space    used 15031K, capacity 16097K, committed 16176K, reserved 1048576K
Event: 680.770 GC heap after
Heap after GC invocations=41 (full 4):
 PSYoungGen      total 485376K, used 38894K [0x00000000e0000000, 0x0000000100000000, 0x0000000100000000)
  eden space 446464K, 0% used [0x00000000e0000000,0x00000000e0000000,0x00000000fb400000)
  from space 38912K, 99% used [0x00000000fb400000,0x00000000fd9fb8e0,0x00000000fda00000)
  to   space 38912K, 0% used [0x00000000fda00000,0x00000000fda00000,0x0000000100000000)
 ParOldGen       total 180224K, used 144879K [0x00000000a0000000, 0x00000000ab000000, 0x00000000e0000000)
  object space 180224K, 80% used [0x00000000a0000000,0x00000000a8d7bed0,0x00000000ab000000)
 Metaspace       used 119945K, capacity 124858K, committed 124976K, reserved 1159168K
  class space    used 15031K, capacity 16097K, committed 16176K, reserved 1048576K
}

